app/build/intermediates/manifest_merge_blame_file/prootDebug/processProotDebugMainManifest/manifest-merger-blame-proot-debug-report.txt
1<?xml version="1.0" encoding="utf-8"?>
2<manifest xmlns:android="http://schemas.android.com/apk/res/android"
3    package="com.andmx"
4    android:versionCode="1"
5    android:versionName="0.1.0" >
6
7    <uses-sdk
8        android:minSdkVersion="26"
9        android:targetSdkVersion="28" />
10
11    <uses-permission android:name="android.permission.INTERNET" />
11-->src/main/AndroidManifest.xml:5:5-67
11-->src/main/AndroidManifest.xml:5:22-64
12    <uses-permission android:name="android.permission.ACCESS_NETWORK_STATE" />
12-->src/main/AndroidManifest.xml:6:5-79
12-->src/main/AndroidManifest.xml:6:22-76
13
14    <!--
15         Project workspaces: all-files access so proot can bind-mount the user's
16         chosen project directory (e.g. /sdcard/Documents/my-app) into the guest.
17         Sideload-oriented; Play would require justification.
18    -->
19    <uses-permission android:name="android.permission.MANAGE_EXTERNAL_STORAGE" />
19-->src/main/AndroidManifest.xml:11:5-12:40
19-->src/main/AndroidManifest.xml:11:22-79
20
21    <!--
22         Computer Use: foreground service to hold MediaProjection sessions,
23         and the media-projection foreground-service type (Android 14+).
24    -->
25    <uses-permission android:name="android.permission.FOREGROUND_SERVICE" />
25-->src/main/AndroidManifest.xml:16:5-77
25-->src/main/AndroidManifest.xml:16:22-74
26    <uses-permission android:name="android.permission.FOREGROUND_SERVICE_MEDIA_PROJECTION" />
26-->src/main/AndroidManifest.xml:17:5-94
26-->src/main/AndroidManifest.xml:17:22-91
27
28    <permission
28-->[androidx.core:core:1.13.1] AndroidManifest.xml:22:5-24:47
29        android:name="com.andmx.DYNAMIC_RECEIVER_NOT_EXPORTED_PERMISSION"
29-->[androidx.core:core:1.13.1] AndroidManifest.xml:23:9-81
30        android:protectionLevel="signature" />
30-->[androidx.core:core:1.13.1] AndroidManifest.xml:24:9-44
31
32    <uses-permission android:name="com.andmx.DYNAMIC_RECEIVER_NOT_EXPORTED_PERMISSION" />
32-->[androidx.core:core:1.13.1] AndroidManifest.xml:26:5-97
32-->[androidx.core:core:1.13.1] AndroidManifest.xml:26:22-94
33
34    <application
34-->src/main/AndroidManifest.xml:19:5-77:19
35        android:name="com.andmx.AndmxApp"
35-->src/main/AndroidManifest.xml:20:9-33
36        android:allowBackup="true"
36-->src/main/AndroidManifest.xml:21:9-35
37        android:appComponentFactory="androidx.core.app.CoreComponentFactory"
37-->[androidx.core:core:1.13.1] AndroidManifest.xml:28:18-86
38        android:debuggable="true"
39        android:extractNativeLibs="true"
40        android:icon="@mipmap/ic_launcher"
40-->src/main/AndroidManifest.xml:22:9-43
41        android:label="@string/app_name"
41-->src/main/AndroidManifest.xml:23:9-41
42        android:networkSecurityConfig="@xml/network_security_config"
42-->src/main/AndroidManifest.xml:26:9-69
43        android:roundIcon="@mipmap/ic_launcher"
43-->src/main/AndroidManifest.xml:24:9-48
44        android:supportsRtl="true"
44-->src/main/AndroidManifest.xml:25:9-35
45        android:theme="@style/Theme.AndMX" >
45-->src/main/AndroidManifest.xml:27:9-43
46        <activity
46-->src/main/AndroidManifest.xml:29:9-57:20
47            android:name="com.andmx.MainActivity"
47-->src/main/AndroidManifest.xml:30:13-41
48            android:configChanges="orientation|screenSize|screenLayout|keyboardHidden|density|uiMode"
48-->src/main/AndroidManifest.xml:32:13-102
49            android:exported="true"
49-->src/main/AndroidManifest.xml:31:13-36
50            android:screenOrientation="fullSensor"
50-->src/main/AndroidManifest.xml:33:13-51
51            android:theme="@style/Theme.AndMX" >
51-->src/main/AndroidManifest.xml:34:13-47
52            <intent-filter>
52-->src/main/AndroidManifest.xml:35:13-38:29
53                <action android:name="android.intent.action.MAIN" />
53-->src/main/AndroidManifest.xml:36:17-69
53-->src/main/AndroidManifest.xml:36:25-66
54
55                <category android:name="android.intent.category.LAUNCHER" />
55-->src/main/AndroidManifest.xml:37:17-77
55-->src/main/AndroidManifest.xml:37:27-74
56            </intent-filter>
57
58            <!-- ── Deep sharing: receive text from other apps ── -->
59            <intent-filter>
59-->src/main/AndroidManifest.xml:41:13-45:29
60                <action android:name="android.intent.action.SEND" />
60-->src/main/AndroidManifest.xml:42:17-69
60-->src/main/AndroidManifest.xml:42:25-66
61
62                <category android:name="android.intent.category.DEFAULT" />
62-->src/main/AndroidManifest.xml:43:17-76
62-->src/main/AndroidManifest.xml:43:27-73
63
64                <data android:mimeType="text/plain" />
64-->src/main/AndroidManifest.xml:44:17-55
64-->src/main/AndroidManifest.xml:44:23-52
65            </intent-filter>
66            <intent-filter>
66-->src/main/AndroidManifest.xml:46:13-50:29
67                <action android:name="android.intent.action.SEND" />
67-->src/main/AndroidManifest.xml:42:17-69
67-->src/main/AndroidManifest.xml:42:25-66
68
69                <category android:name="android.intent.category.DEFAULT" />
69-->src/main/AndroidManifest.xml:43:17-76
69-->src/main/AndroidManifest.xml:43:27-73
70
71                <data android:mimeType="image/*" />
71-->src/main/AndroidManifest.xml:44:17-55
71-->src/main/AndroidManifest.xml:44:23-52
72            </intent-filter>
73            <intent-filter>
73-->src/main/AndroidManifest.xml:51:13-56:29
74                <action android:name="android.intent.action.VIEW" />
74-->src/main/AndroidManifest.xml:52:17-69
74-->src/main/AndroidManifest.xml:52:25-66
75
76                <category android:name="android.intent.category.DEFAULT" />
76-->src/main/AndroidManifest.xml:43:17-76
76-->src/main/AndroidManifest.xml:43:27-73
77                <category android:name="android.intent.category.BROWSABLE" />
77-->src/main/AndroidManifest.xml:54:17-78
77-->src/main/AndroidManifest.xml:54:27-75
78
79                <data android:scheme="https" />
79-->src/main/AndroidManifest.xml:44:17-55
79-->src/main/AndroidManifest.xml:55:23-45
80            </intent-filter>
81        </activity>
82
83        <!-- ── Computer Use: AccessibilityService for gesture dispatch (tap/swipe/type) ── -->
84        <service
84-->src/main/AndroidManifest.xml:60:9-70:19
85            android:name="com.andmx.computeruse.AndmxAccessibilityService"
85-->src/main/AndroidManifest.xml:61:13-66
86            android:exported="false"
86-->src/main/AndroidManifest.xml:63:13-37
87            android:permission="android.permission.BIND_ACCESSIBILITY_SERVICE" >
87-->src/main/AndroidManifest.xml:62:13-79
88            <intent-filter>
88-->src/main/AndroidManifest.xml:64:13-66:29
89                <action android:name="android.accessibilityservice.AccessibilityService" />
89-->src/main/AndroidManifest.xml:65:17-92
89-->src/main/AndroidManifest.xml:65:25-89
90            </intent-filter>
91
92            <meta-data
92-->src/main/AndroidManifest.xml:67:13-69:72
93                android:name="android.accessibilityservice"
93-->src/main/AndroidManifest.xml:68:17-60
94                android:resource="@xml/accessibility_service_config" />
94-->src/main/AndroidManifest.xml:69:17-69
95        </service>
96
97        <!-- ── Computer Use: foreground service holding the MediaProjection ── -->
98        <service
98-->src/main/AndroidManifest.xml:73:9-76:40
99            android:name="com.andmx.computeruse.ScreenCaptureService"
99-->src/main/AndroidManifest.xml:74:13-61
100            android:exported="false"
100-->src/main/AndroidManifest.xml:76:13-37
101            android:foregroundServiceType="mediaProjection" />
101-->src/main/AndroidManifest.xml:75:13-60
102
103        <provider
103-->[androidx.emoji2:emoji2:1.3.0] AndroidManifest.xml:24:9-32:20
104            android:name="androidx.startup.InitializationProvider"
104-->[androidx.emoji2:emoji2:1.3.0] AndroidManifest.xml:25:13-67
105            android:authorities="com.andmx.androidx-startup"
105-->[androidx.emoji2:emoji2:1.3.0] AndroidManifest.xml:26:13-68
106            android:exported="false" >
106-->[androidx.emoji2:emoji2:1.3.0] AndroidManifest.xml:27:13-37
107            <meta-data
107-->[androidx.emoji2:emoji2:1.3.0] AndroidManifest.xml:29:13-31:52
108                android:name="androidx.emoji2.text.EmojiCompatInitializer"
108-->[androidx.emoji2:emoji2:1.3.0] AndroidManifest.xml:30:17-75
109                android:value="androidx.startup" />
109-->[androidx.emoji2:emoji2:1.3.0] AndroidManifest.xml:31:17-49
110            <meta-data
110-->[androidx.lifecycle:lifecycle-process:2.8.6] AndroidManifest.xml:29:13-31:52
111                android:name="androidx.lifecycle.ProcessLifecycleInitializer"
111-->[androidx.lifecycle:lifecycle-process:2.8.6] AndroidManifest.xml:30:17-78
112                android:value="androidx.startup" />
112-->[androidx.lifecycle:lifecycle-process:2.8.6] AndroidManifest.xml:31:17-49
113            <meta-data
113-->[androidx.profileinstaller:profileinstaller:1.3.1] AndroidManifest.xml:29:13-31:52
114                android:name="androidx.profileinstaller.ProfileInstallerInitializer"
114-->[androidx.profileinstaller:profileinstaller:1.3.1] AndroidManifest.xml:30:17-85
115                android:value="androidx.startup" />
115-->[androidx.profileinstaller:profileinstaller:1.3.1] AndroidManifest.xml:31:17-49
116        </provider>
117
118        <activity
118-->[androidx.compose.ui:ui-tooling-android:1.7.2] AndroidManifest.xml:23:9-25:39
119            android:name="androidx.compose.ui.tooling.PreviewActivity"
119-->[androidx.compose.ui:ui-tooling-android:1.7.2] AndroidManifest.xml:24:13-71
120            android:exported="true" />
120-->[androidx.compose.ui:ui-tooling-android:1.7.2] AndroidManifest.xml:25:13-36
121
122        <service
122-->[androidx.room:room-runtime:2.6.1] AndroidManifest.xml:24:9-28:63
123            android:name="androidx.room.MultiInstanceInvalidationService"
123-->[androidx.room:room-runtime:2.6.1] AndroidManifest.xml:25:13-74
124            android:directBootAware="true"
124-->[androidx.room:room-runtime:2.6.1] AndroidManifest.xml:26:13-43
125            android:exported="false" />
125-->[androidx.room:room-runtime:2.6.1] AndroidManifest.xml:27:13-37
126
127        <receiver
127-->[androidx.profileinstaller:profileinstaller:1.3.1] AndroidManifest.xml:34:9-52:20
128            android:name="androidx.profileinstaller.ProfileInstallReceiver"
128-->[androidx.profileinstaller:profileinstaller:1.3.1] AndroidManifest.xml:35:13-76
129            android:directBootAware="false"
129-->[androidx.profileinstaller:profileinstaller:1.3.1] AndroidManifest.xml:36:13-44
130            android:enabled="true"
130-->[androidx.profileinstaller:profileinstaller:1.3.1] AndroidManifest.xml:37:13-35
131            android:exported="true"
131-->[androidx.profileinstaller:profileinstaller:1.3.1] AndroidManifest.xml:38:13-36
132            android:permission="android.permission.DUMP" >
132-->[androidx.profileinstaller:profileinstaller:1.3.1] AndroidManifest.xml:39:13-57
133            <intent-filter>
133-->[androidx.profileinstaller:profileinstaller:1.3.1] AndroidManifest.xml:40:13-42:29
134                <action android:name="androidx.profileinstaller.action.INSTALL_PROFILE" />
134-->[androidx.profileinstaller:profileinstaller:1.3.1] AndroidManifest.xml:41:17-91
134-->[androidx.profileinstaller:profileinstaller:1.3.1] AndroidManifest.xml:41:25-88
135            </intent-filter>
136            <intent-filter>
136-->[androidx.profileinstaller:profileinstaller:1.3.1] AndroidManifest.xml:43:13-45:29
137                <action android:name="androidx.profileinstaller.action.SKIP_FILE" />
137-->[androidx.profileinstaller:profileinstaller:1.3.1] AndroidManifest.xml:44:17-85
137-->[androidx.profileinstaller:profileinstaller:1.3.1] AndroidManifest.xml:44:25-82
138            </intent-filter>
139            <intent-filter>
139-->[androidx.profileinstaller:profileinstaller:1.3.1] AndroidManifest.xml:46:13-48:29
140                <action android:name="androidx.profileinstaller.action.SAVE_PROFILE" />
140-->[androidx.profileinstaller:profileinstaller:1.3.1] AndroidManifest.xml:47:17-88
140-->[androidx.profileinstaller:profileinstaller:1.3.1] AndroidManifest.xml:47:25-85
141            </intent-filter>
142            <intent-filter>
142-->[androidx.profileinstaller:profileinstaller:1.3.1] AndroidManifest.xml:49:13-51:29
143                <action android:name="androidx.profileinstaller.action.BENCHMARK_OPERATION" />
143-->[androidx.profileinstaller:profileinstaller:1.3.1] AndroidManifest.xml:50:17-95
143-->[androidx.profileinstaller:profileinstaller:1.3.1] AndroidManifest.xml:50:25-92
144            </intent-filter>
145        </receiver>
146    </application>
147
148</manifest>